Determining if the pthread_create exist failed with the following output:
Change Dir: /ros/catkin_ws/src/hrc_discrim_learning/CMakeFiles/CMakeTmp

Run Build Command:"/usr/bin/make" "cmTC_e44af/fast"
/usr/bin/make -f CMakeFiles/cmTC_e44af.dir/build.make CMakeFiles/cmTC_e44af.dir/build
make[1]: Entering directory '/ros/catkin_ws/src/hrc_discrim_learning/CMakeFiles/CMakeTmp'
Building C object CMakeFiles/cmTC_e44af.dir/CheckSymbolExists.c.o
/usr/bin/cc     -o CMakeFiles/cmTC_e44af.dir/CheckSymbolExists.c.o   -c /ros/catkin_ws/src/hrc_discrim_learning/CMakeFiles/CMakeTmp/CheckSymbolExists.c
Linking C executable cmTC_e44af
/usr/bin/cmake -E cmake_link_script CMakeFiles/cmTC_e44af.dir/link.txt --verbose=1
/usr/bin/cc       CMakeFiles/cmTC_e44af.dir/CheckSymbolExists.c.o  -o cmTC_e44af -rdynamic 
CMakeFiles/cmTC_e44af.dir/CheckSymbolExists.c.o: In function `main':
CheckSymbolExists.c:(.text+0x16): undefined reference to `pthread_create'
collect2: error: ld returned 1 exit status
CMakeFiles/cmTC_e44af.dir/build.make:97: recipe for target 'cmTC_e44af' failed
make[1]: *** [cmTC_e44af] Error 1
make[1]: Leaving directory '/ros/catkin_ws/src/hrc_discrim_learning/CMakeFiles/CMakeTmp'
Makefile:126: recipe for target 'cmTC_e44af/fast' failed
make: *** [cmTC_e44af/fast] Error 2

File /ros/catkin_ws/src/hrc_discrim_learning/CMakeFiles/CMakeTmp/CheckSymbolExists.c:
/* */
#include <pthread.h>

int main(int argc, char** argv)
{
  (void)argv;
#ifndef pthread_create
  return ((int*)(&pthread_create))[argc];
#else
  (void)argc;
  return 0;
#endif
}

Determining if the function pthread_create exists in the pthreads failed with the following output:
Change Dir: /ros/catkin_ws/src/hrc_discrim_learning/CMakeFiles/CMakeTmp

Run Build Command:"/usr/bin/make" "cmTC_6d05c/fast"
/usr/bin/make -f CMakeFiles/cmTC_6d05c.dir/build.make CMakeFiles/cmTC_6d05c.dir/build
make[1]: Entering directory '/ros/catkin_ws/src/hrc_discrim_learning/CMakeFiles/CMakeTmp'
Building C object CMakeFiles/cmTC_6d05c.dir/CheckFunctionExists.c.o
/usr/bin/cc    -DCHECK_FUNCTION_EXISTS=pthread_create   -o CMakeFiles/cmTC_6d05c.dir/CheckFunctionExists.c.o   -c /usr/share/cmake-3.5/Modules/CheckFunctionExists.c
Linking C executable cmTC_6d05c
/usr/bin/cmake -E cmake_link_script CMakeFiles/cmTC_6d05c.dir/link.txt --verbose=1
/usr/bin/cc   -DCHECK_FUNCTION_EXISTS=pthread_create    CMakeFiles/cmTC_6d05c.dir/CheckFunctionExists.c.o  -o cmTC_6d05c -rdynamic -lpthreads 
/usr/bin/ld: cannot find -lpthreads
collect2: error: ld returned 1 exit status
CMakeFiles/cmTC_6d05c.dir/build.make:97: recipe for target 'cmTC_6d05c' failed
make[1]: *** [cmTC_6d05c] Error 1
make[1]: Leaving directory '/ros/catkin_ws/src/hrc_discrim_learning/CMakeFiles/CMakeTmp'
Makefile:126: recipe for target 'cmTC_6d05c/fast' failed
make: *** [cmTC_6d05c/fast] Error 2


